<?xml version="1.0" encoding="UTF-8"?>
<!-- Generated by org.testng.reporters.JUnitReportReporter -->
<testsuite hostname="Qkan-PC" failures="0" tests="1" name="RESTfulAPITesting.RESTfulAPITesting.RESTfulApiPostThenGet" time="3.166" errors="0" timestamp="25 Sep 2018 15:21:46 GMT" skipped="0">
  <testcase classname="RESTfulAPITesting.RESTfulAPITesting.RESTfulApiPostThenGet" name="postUserThenGetUser" time="3.166"/>
</testsuite> <!-- RESTfulAPITesting.RESTfulAPITesting.RESTfulApiPostThenGet -->
